Copyright 1986-2022 Xilinx, Inc. All Rights Reserved. Copyright 2022-2025 Advanced Micro Devices, Inc. All Rights Reserved.
-------------------------------------------------------------------------------------------------------------------------------------------------
| Tool Version     : Vivado v.2025.1 (win64) Build 6140274 Thu May 22 00:12:29 MDT 2025
| Date             : Thu Dec 18 23:45:56 2025
| Host             : LAPTOP-K96KR7IV running 64-bit major release  (build 9200)
| Command          : report_power -file lab10_power_routed.rpt -pb lab10_power_summary_routed.pb -rpx lab10_power_routed.rpx
| Design           : lab10
| Device           : xc7a35ticsg324-1L
| Design State     : routed
| Grade            : industrial
| Process          : typical
| Characterization : Production
-------------------------------------------------------------------------------------------------------------------------------------------------

Power Report

Table of Contents
-----------------
1. Summary
1.1 On-Chip Components
1.2 Power Supply Summary
1.3 Confidence Level
2. Settings
2.1 Environment
2.2 Clock Constraints
3. Detailed Reports
3.1 By Hierarchy

1. Summary
----------

+--------------------------+--------------+
| Total On-Chip Power (W)  | 0.190        |
| Design Power Budget (W)  | Unspecified* |
| Power Budget Margin (W)  | NA           |
| Dynamic (W)              | 0.128        |
| Device Static (W)        | 0.062        |
| Effective TJA (C/W)      | 4.8          |
| Max Ambient (C)          | 99.1         |
| Junction Temperature (C) | 25.9         |
| Confidence Level         | Low          |
| Setting File             | ---          |
| Simulation Activity File | ---          |
| Design Nets Matched      | NA           |
+--------------------------+--------------+
* Specify Design Power Budget using, set_operating_conditions -design_power_budget <value in Watts>


1.1 On-Chip Components
----------------------

+--------------------------+-----------+----------+-----------+-----------------+
| On-Chip                  | Power (W) | Used     | Available | Utilization (%) |
+--------------------------+-----------+----------+-----------+-----------------+
| Clocks                   |     0.034 |        3 |       --- |             --- |
| Slice Logic              |     0.019 |    20045 |       --- |             --- |
|   LUT as Logic           |     0.019 |     6049 |     20800 |           29.08 |
|   CARRY4                 |    <0.001 |      141 |      8150 |            1.73 |
|   Register               |    <0.001 |     1889 |     41600 |            4.54 |
|   F7/F8 Muxes            |    <0.001 |     4841 |     32600 |           14.85 |
|   BUFG                   |    <0.001 |        1 |        32 |            3.13 |
|   Others                 |     0.000 |       60 |       --- |             --- |
|   LUT as Distributed RAM |     0.000 |     6096 |      9600 |           63.50 |
| Signals                  |     0.062 |     8804 |       --- |             --- |
| DSPs                     |     0.002 |        6 |        90 |            6.67 |
| I/O                      |     0.010 |       37 |       210 |           17.62 |
| Static Power             |     0.062 |          |           |                 |
| Total                    |     0.190 |          |           |                 |
+--------------------------+-----------+----------+-----------+-----------------+


1.2 Power Supply Summary
------------------------

+-----------+-------------+-----------+-------------+------------+-------------+-------------+------------+
| Source    | Voltage (V) | Total (A) | Dynamic (A) | Static (A) | Powerup (A) | Budget (A)  | Margin (A) |
+-----------+-------------+-----------+-------------+------------+-------------+-------------+------------+
| Vccint    |       0.950 |     0.130 |       0.124 |      0.006 |       NA    | Unspecified | NA         |
| Vccaux    |       1.800 |     0.012 |       0.000 |      0.011 |       NA    | Unspecified | NA         |
| Vcco33    |       3.300 |     0.004 |       0.003 |      0.001 |       NA    | Unspecified | NA         |
| Vcco25    |       2.500 |     0.000 |       0.000 |      0.000 |       NA    | Unspecified | NA         |
| Vcco18    |       1.800 |     0.000 |       0.000 |      0.000 |       NA    | Unspecified | NA         |
| Vcco15    |       1.500 |     0.000 |       0.000 |      0.000 |       NA    | Unspecified | NA         |
| Vcco135   |       1.350 |     0.000 |       0.000 |      0.000 |       NA    | Unspecified | NA         |
| Vcco12    |       1.200 |     0.000 |       0.000 |      0.000 |       NA    | Unspecified | NA         |
| Vccaux_io |       1.800 |     0.000 |       0.000 |      0.000 |       NA    | Unspecified | NA         |
| Vccbram   |       0.950 |     0.000 |       0.000 |      0.000 |       NA    | Unspecified | NA         |
| MGTAVcc   |       1.000 |     0.000 |       0.000 |      0.000 |       NA    | Unspecified | NA         |
| MGTAVtt   |       1.200 |     0.000 |       0.000 |      0.000 |       NA    | Unspecified | NA         |
| Vccadc    |       1.800 |     0.018 |       0.000 |      0.018 |       NA    | Unspecified | NA         |
+-----------+-------------+-----------+-------------+------------+-------------+-------------+------------+


1.3 Confidence Level
--------------------

+-----------------------------+------------+--------------------------------------------------------+------------------------------------------------------------------------------------------------------------+
| User Input Data             | Confidence | Details                                                | Action                                                                                                     |
+-----------------------------+------------+--------------------------------------------------------+------------------------------------------------------------------------------------------------------------+
| Design implementation state | High       | Design is routed                                       |                                                                                                            |
| Clock nodes activity        | High       | User specified more than 95% of clocks                 |                                                                                                            |
| I/O nodes activity          | Low        | More than 75% of inputs are missing user specification | Provide missing input activity with simulation results or by editing the "By Resource Type -> I/Os" view   |
| Internal nodes activity     | Medium     | User specified less than 25% of internal nodes         | Provide missing internal nodes activity with simulation results or by editing the "By Resource Type" views |
| Device models               | High       | Device models are Production                           |                                                                                                            |
|                             |            |                                                        |                                                                                                            |
| Overall confidence level    | Low        |                                                        |                                                                                                            |
+-----------------------------+------------+--------------------------------------------------------+------------------------------------------------------------------------------------------------------------+


2. Settings
-----------

2.1 Environment
---------------

+-----------------------+--------------------------+
| Ambient Temp (C)      | 25.0                     |
| ThetaJA (C/W)         | 4.8                      |
| Airflow (LFM)         | 250                      |
| Heat Sink             | medium (Medium Profile)  |
| ThetaSA (C/W)         | 4.6                      |
| Board Selection       | medium (10"x10")         |
| # of Board Layers     | 12to15 (12 to 15 Layers) |
| Board Temperature (C) | 25.0                     |
+-----------------------+--------------------------+


2.2 Clock Constraints
---------------------

+-------------+--------+-----------------+
| Clock       | Domain | Constraint (ns) |
+-------------+--------+-----------------+
| sys_clk_pin | clk    |            10.0 |
+-------------+--------+-----------------+


3. Detailed Reports
-------------------

3.1 By Hierarchy
----------------

+----------------------+-----------+
| Name                 | Power (W) |
+----------------------+-----------+
| lab10                |     0.128 |
|   ram_choose         |     0.003 |
|   ram_map1_img       |     0.002 |
|   ram_map2_img       |     0.002 |
|   ram_over           |     0.005 |
|   ram_score_num      |     0.003 |
|   ram_skin           |     0.001 |
|   ram_start          |     0.008 |
|   random_lightning_x |     0.001 |
|   random_lightning_y |     0.002 |
|   vs0                |     0.035 |
+----------------------+-----------+


