
*** Running vivado
    with args -log lab10.vdi -applog -m64 -product Vivado -messageDb vivado.pb -mode batch -source lab10.tcl -notrace



****** Vivado v2025.1 (64-bit)
  **** SW Build 6140274 on Thu May 22 00:12:29 MDT 2025
  **** IP Build 6138677 on Thu May 22 03:10:11 MDT 2025
  **** SharedData Build 6139179 on Tue May 20 17:58:58 MDT 2025
  **** Start of session at: Wed Dec  3 19:01:24 2025
    ** Copyright 1986-2022 Xilinx, Inc. All Rights Reserved.
    ** Copyright 2022-2025 Advanced Micro Devices, Inc. All Rights Reserved.

source lab10.tcl -notrace
create_project: Time (s): cpu = 00:00:16 ; elapsed = 00:00:10 . Memory (MB): peak = 493.730 ; gain = 212.570
Command: link_design -top lab10 -part xc7a35ticsg324-1L
Design is defaulting to srcset: sources_1
Design is defaulting to constrset: constrs_1
INFO: [Device 21-403] Loading part xc7a35ticsg324-1L
Netlist sorting complete. Time (s): cpu = 00:00:00 ; elapsed = 00:00:00.036 . Memory (MB): peak = 699.707 ; gain = 0.000
INFO: [Netlist 29-17] Analyzing 1933 Unisim elements for replacement
INFO: [Netlist 29-28] Unisim Transformation completed in 2 CPU seconds
INFO: [Project 1-479] Netlist was created with Vivado 2025.1
INFO: [Project 1-570] Preparing netlist for logic optimization
Parsing XDC File [C:/Users/Judy/Desktop/NYCU 114/Dlab/final_project/Lab10/lab10/lab10.srcs/constrs_1/lab10.xdc]
Finished Parsing XDC File [C:/Users/Judy/Desktop/NYCU 114/Dlab/final_project/Lab10/lab10/lab10.srcs/constrs_1/lab10.xdc]
INFO: [Opt 31-138] Pushed 0 inverter(s) to 0 load pin(s).
Netlist sorting complete. Time (s): cpu = 00:00:00 ; elapsed = 00:00:00.014 . Memory (MB): peak = 846.293 ; gain = 0.000
INFO: [Project 1-111] Unisim Transformation Summary:
  A total of 1575 instances were transformed.
  RAM128X1S => RAM128X1S (MUXF7, RAMS64E(x2)): 11 instances
  RAM16X1S => RAM32X1S (RAMS32): 11 instances
  RAM256X1S => RAM256X1S (MUXF7(x2), MUXF8, RAMS64E(x4)): 1542 instances
  RAM32X1S => RAM32X1S (RAMS32): 11 instances

7 Infos, 0 Warnings, 0 Critical Warnings and 0 Errors encountered.
link_design completed successfully
link_design: Time (s): cpu = 00:00:08 ; elapsed = 00:00:10 . Memory (MB): peak = 846.293 ; gain = 352.562
Command: opt_design
Attempting to get a license for feature 'Implementation' and/or device 'xc7a35ti'
INFO: [Common 17-349] Got license for feature 'Implementation' and/or device 'xc7a35ti'
Running DRC as a precondition to command opt_design

Starting DRC Task
INFO: [DRC 23-27] Running DRC with 2 threads
INFO: [Project 1-461] DRC finished with 0 Errors
INFO: [Project 1-462] Please refer to the DRC report (report_drc) for more information.

Time (s): cpu = 00:00:02 ; elapsed = 00:00:02 . Memory (MB): peak = 879.523 ; gain = 33.230

Starting Cache Timing Information Task
INFO: [Timing 38-35] Done setting XDC timing constraints.
Ending Cache Timing Information Task | Checksum: 2139254cf

Time (s): cpu = 00:00:11 ; elapsed = 00:00:11 . Memory (MB): peak = 1422.852 ; gain = 543.328

Starting Logic Optimization Task

Phase 1 Initialization

Phase 1.1 Core Generation And Design Setup
Phase 1.1 Core Generation And Design Setup | Checksum: 2139254cf

Time (s): cpu = 00:00:01 ; elapsed = 00:00:00.018 . Memory (MB): peak = 1851.617 ; gain = 0.000

Phase 1.2 Setup Constraints And Sort Netlist
Phase 1.2 Setup Constraints And Sort Netlist | Checksum: 2139254cf

Time (s): cpu = 00:00:01 ; elapsed = 00:00:00.036 . Memory (MB): peak = 1851.617 ; gain = 0.000
Phase 1 Initialization | Checksum: 2139254cf

Time (s): cpu = 00:00:01 ; elapsed = 00:00:00.040 . Memory (MB): peak = 1851.617 ; gain = 0.000

Phase 2 Timer Update And Timing Data Collection

Phase 2.1 Timer Update
Phase 2.1 Timer Update | Checksum: 2139254cf

Time (s): cpu = 00:00:02 ; elapsed = 00:00:00.685 . Memory (MB): peak = 1851.617 ; gain = 0.000

Phase 2.2 Timing Data Collection
Phase 2.2 Timing Data Collection | Checksum: 2139254cf

Time (s): cpu = 00:00:02 ; elapsed = 00:00:00.729 . Memory (MB): peak = 1851.617 ; gain = 0.000
Phase 2 Timer Update And Timing Data Collection | Checksum: 2139254cf

Time (s): cpu = 00:00:02 ; elapsed = 00:00:00.735 . Memory (MB): peak = 1851.617 ; gain = 0.000

Phase 3 Retarget
INFO: [Opt 31-1851] Number of loadless carry chains removed were: 0
INFO: [Opt 31-1834] Total Chains To Be Transformed Were: 0 AND Number of Transformed insts Created are: 0
INFO: [Opt 31-138] Pushed 0 inverter(s) to 0 load pin(s).
INFO: [Opt 31-49] Retargeted 0 cell(s).
Phase 3 Retarget | Checksum: 2139254cf

Time (s): cpu = 00:00:02 ; elapsed = 00:00:00.816 . Memory (MB): peak = 1851.617 ; gain = 0.000
Retarget | Checksum: 2139254cf
INFO: [Opt 31-389] Phase Retarget created 0 cells and removed 0 cells

Phase 4 Constant propagation
INFO: [Opt 31-138] Pushed 0 inverter(s) to 0 load pin(s).
Phase 4 Constant propagation | Checksum: 290f6bfc6

Time (s): cpu = 00:00:02 ; elapsed = 00:00:00.863 . Memory (MB): peak = 1851.617 ; gain = 0.000
Constant propagation | Checksum: 290f6bfc6
INFO: [Opt 31-389] Phase Constant propagation created 0 cells and removed 0 cells

Phase 5 Sweep
INFO: [Constraints 18-11670] Building netlist checker database with flags, 0x8
Done building netlist checker database: Time (s): cpu = 00:00:00 ; elapsed = 00:00:00.007 . Memory (MB): peak = 1851.617 ; gain = 0.000
Phase 5 Sweep | Checksum: 2523aa1f9

Time (s): cpu = 00:00:02 ; elapsed = 00:00:01 . Memory (MB): peak = 1851.617 ; gain = 0.000
Sweep | Checksum: 2523aa1f9
INFO: [Opt 31-389] Phase Sweep created 0 cells and removed 0 cells

Phase 6 BUFG optimization
Phase 6 BUFG optimization | Checksum: 2523aa1f9

Time (s): cpu = 00:00:03 ; elapsed = 00:00:01 . Memory (MB): peak = 1851.617 ; gain = 0.000
BUFG optimization | Checksum: 2523aa1f9
INFO: [Opt 31-662] Phase BUFG optimization created 0 cells of which 0 are BUFGs and removed 0 cells.

Phase 7 Shift Register Optimization
INFO: [Opt 31-1064] SRL Remap converted 0 SRLs to 0 registers and converted 0 registers of register chains to 0 SRLs
Phase 7 Shift Register Optimization | Checksum: 2523aa1f9

Time (s): cpu = 00:00:03 ; elapsed = 00:00:01 . Memory (MB): peak = 1851.617 ; gain = 0.000
Shift Register Optimization | Checksum: 2523aa1f9
INFO: [Opt 31-389] Phase Shift Register Optimization created 0 cells and removed 0 cells

Phase 8 Post Processing Netlist
Phase 8 Post Processing Netlist | Checksum: 2523aa1f9

Time (s): cpu = 00:00:03 ; elapsed = 00:00:01 . Memory (MB): peak = 1851.617 ; gain = 0.000
Post Processing Netlist | Checksum: 2523aa1f9
INFO: [Opt 31-389] Phase Post Processing Netlist created 0 cells and removed 0 cells

Phase 9 Finalization

Phase 9.1 Finalizing Design Cores and Updating Shapes
Phase 9.1 Finalizing Design Cores and Updating Shapes | Checksum: 1ef078e2a

Time (s): cpu = 00:00:03 ; elapsed = 00:00:02 . Memory (MB): peak = 1851.617 ; gain = 0.000

Phase 9.2 Verifying Netlist Connectivity

Starting Connectivity Check Task

Time (s): cpu = 00:00:00 ; elapsed = 00:00:00.016 . Memory (MB): peak = 1851.617 ; gain = 0.000
Phase 9.2 Verifying Netlist Connectivity | Checksum: 1ef078e2a

Time (s): cpu = 00:00:03 ; elapsed = 00:00:02 . Memory (MB): peak = 1851.617 ; gain = 0.000
Phase 9 Finalization | Checksum: 1ef078e2a

Time (s): cpu = 00:00:03 ; elapsed = 00:00:02 . Memory (MB): peak = 1851.617 ; gain = 0.000
Opt_design Change Summary
=========================


-------------------------------------------------------------------------------------------------------------------------
|  Phase                        |  #Cells created  |  #Cells Removed  |  #Constrained objects preventing optimizations  |
-------------------------------------------------------------------------------------------------------------------------
|  Retarget                     |               0  |               0  |                                              0  |
|  Constant propagation         |               0  |               0  |                                              0  |
|  Sweep                        |               0  |               0  |                                              0  |
|  BUFG optimization            |               0  |               0  |                                              0  |
|  Shift Register Optimization  |               0  |               0  |                                              0  |
|  Post Processing Netlist      |               0  |               0  |                                              0  |
-------------------------------------------------------------------------------------------------------------------------


Ending Logic Optimization Task | Checksum: 1ef078e2a

Time (s): cpu = 00:00:03 ; elapsed = 00:00:02 . Memory (MB): peak = 1851.617 ; gain = 0.000

Starting Power Optimization Task
INFO: [Pwropt 34-132] Skipping clock gating for clocks with a period < 2.00 ns.
Ending Power Optimization Task | Checksum: 1ef078e2a

Time (s): cpu = 00:00:00 ; elapsed = 00:00:00.032 . Memory (MB): peak = 1851.617 ; gain = 0.000

Starting Final Cleanup Task
Ending Final Cleanup Task | Checksum: 1ef078e2a

Time (s): cpu = 00:00:00 ; elapsed = 00:00:00.004 . Memory (MB): peak = 1851.617 ; gain = 0.000

Starting Netlist Obfuscation Task
Netlist sorting complete. Time (s): cpu = 00:00:00 ; elapsed = 00:00:00.013 . Memory (MB): peak = 1851.617 ; gain = 0.000
Ending Netlist Obfuscation Task | Checksum: 1ef078e2a

Time (s): cpu = 00:00:00 ; elapsed = 00:00:00.018 . Memory (MB): peak = 1851.617 ; gain = 0.000
INFO: [Common 17-83] Releasing license: Implementation
27 Infos, 0 Warnings, 0 Critical Warnings and 0 Errors encountered.
opt_design completed successfully
opt_design: Time (s): cpu = 00:00:20 ; elapsed = 00:00:20 . Memory (MB): peak = 1851.617 ; gain = 1005.324
INFO: [Vivado 12-24828] Executing command : report_drc -file lab10_drc_opted.rpt -pb lab10_drc_opted.pb -rpx lab10_drc_opted.rpx
Command: report_drc -file lab10_drc_opted.rpt -pb lab10_drc_opted.pb -rpx lab10_drc_opted.rpx
INFO: [IP_Flow 19-234] Refreshing IP repositories
INFO: [IP_Flow 19-1704] No user IP repositories specified
INFO: [IP_Flow 19-2313] Loaded Vivado IP repository 'C:/Xilinx/2025.1/Vivado/data/ip'.
INFO: [DRC 23-27] Running DRC with 2 threads
INFO: [Vivado_Tcl 2-168] The results of DRC are in file C:/Users/Judy/Desktop/NYCU 114/Dlab/final_project/Lab10/lab10/lab10.runs/impl_1/lab10_drc_opted.rpt.
report_drc completed successfully
INFO: [Timing 38-480] Writing timing data to binary archive.
Wrote PlaceDB: Time (s): cpu = 00:00:00 ; elapsed = 00:00:00.044 . Memory (MB): peak = 1851.617 ; gain = 0.000
Wrote PulsedLatchDB: Time (s): cpu = 00:00:00 ; elapsed = 00:00:00.001 . Memory (MB): peak = 1851.617 ; gain = 0.000
Writing XDEF routing.
Writing XDEF routing logical nets.
Writing XDEF routing special nets.
Wrote RouteStorage: Time (s): cpu = 00:00:00 ; elapsed = 00:00:00.052 . Memory (MB): peak = 1851.617 ; gain = 0.000
Wrote Netlist Cache: Time (s): cpu = 00:00:00 ; elapsed = 00:00:00 . Memory (MB): peak = 1851.617 ; gain = 0.000
Write ShapeDB Complete: Time (s): cpu = 00:00:00 ; elapsed = 00:00:00.122 . Memory (MB): peak = 1851.617 ; gain = 0.000
Wrote Device Cache: Time (s): cpu = 00:00:00 ; elapsed = 00:00:00.021 . Memory (MB): peak = 1851.617 ; gain = 0.000
Write Physdb Complete: Time (s): cpu = 00:00:00 ; elapsed = 00:00:00.129 . Memory (MB): peak = 1851.617 ; gain = 0.000
INFO: [Common 17-1381] The checkpoint 'C:/Users/Judy/Desktop/NYCU 114/Dlab/final_project/Lab10/lab10/lab10.runs/impl_1/lab10_opt.dcp' has been generated.
Command: place_design
Attempting to get a license for feature 'Implementation' and/or device 'xc7a35ti'
INFO: [Common 17-349] Got license for feature 'Implementation' and/or device 'xc7a35ti'
INFO: [Common 17-83] Releasing license: Implementation
INFO: [DRC 23-27] Running DRC with 2 threads
INFO: [Vivado_Tcl 4-198] DRC finished with 0 Errors
INFO: [Vivado_Tcl 4-199] Please refer to the DRC report (report_drc) for more information.
Running DRC as a precondition to command place_design
INFO: [DRC 23-27] Running DRC with 2 threads
INFO: [Vivado_Tcl 4-198] DRC finished with 0 Errors
INFO: [Vivado_Tcl 4-199] Please refer to the DRC report (report_drc) for more information.
INFO: [Place 30-611] Multithreading enabled for place_design using a maximum of 2 CPUs

Starting Placer Task

Phase 1 Placer Initialization

Phase 1.1 Placer Initialization Netlist Sorting
Netlist sorting complete. Time (s): cpu = 00:00:00 ; elapsed = 00:00:00.018 . Memory (MB): peak = 1851.617 ; gain = 0.000
Phase 1.1 Placer Initialization Netlist Sorting | Checksum: 1ac19b16e

Time (s): cpu = 00:00:00 ; elapsed = 00:00:00.025 . Memory (MB): peak = 1851.617 ; gain = 0.000
Netlist sorting complete. Time (s): cpu = 00:00:00 ; elapsed = 00:00:00.017 . Memory (MB): peak = 1851.617 ; gain = 0.000

Phase 1.2 IO Placement/ Clock Placement/ Build Placer Device
INFO: [Timing 38-35] Done setting XDC timing constraints.
Phase 1.2 IO Placement/ Clock Placement/ Build Placer Device | Checksum: 18631f1ef

Time (s): cpu = 00:00:03 ; elapsed = 00:00:02 . Memory (MB): peak = 1851.617 ; gain = 0.000

Phase 1.3 Build Placer Netlist Model
Phase 1.3 Build Placer Netlist Model | Checksum: 1d29e2cc3

Time (s): cpu = 00:00:10 ; elapsed = 00:00:08 . Memory (MB): peak = 1851.617 ; gain = 0.000

Phase 1.4 Constrain Clocks/Macros
Phase 1.4 Constrain Clocks/Macros | Checksum: 1d29e2cc3

Time (s): cpu = 00:00:10 ; elapsed = 00:00:08 . Memory (MB): peak = 1851.617 ; gain = 0.000
Phase 1 Placer Initialization | Checksum: 1d29e2cc3

Time (s): cpu = 00:00:10 ; elapsed = 00:00:08 . Memory (MB): peak = 1851.617 ; gain = 0.000

Phase 2 Global Placement

Phase 2.1 Floorplanning
Phase 2.1 Floorplanning | Checksum: 1971ab55d

Time (s): cpu = 00:00:11 ; elapsed = 00:00:09 . Memory (MB): peak = 1851.617 ; gain = 0.000

Phase 2.2 Update Timing before SLR Path Opt
Phase 2.2 Update Timing before SLR Path Opt | Checksum: 1e2e53ea0

Time (s): cpu = 00:00:11 ; elapsed = 00:00:09 . Memory (MB): peak = 1851.617 ; gain = 0.000

Phase 2.3 Post-Processing in Floorplanning
Phase 2.3 Post-Processing in Floorplanning | Checksum: 1e2e53ea0

Time (s): cpu = 00:00:11 ; elapsed = 00:00:09 . Memory (MB): peak = 1851.617 ; gain = 0.000

Phase 2.4 Global Place Phase1
Phase 2.4 Global Place Phase1 | Checksum: 2034ce3c6

Time (s): cpu = 00:00:14 ; elapsed = 00:00:11 . Memory (MB): peak = 1851.617 ; gain = 0.000

Phase 2.5 Global Place Phase2

Phase 2.5.1 UpdateTiming Before Physical Synthesis
Phase 2.5.1 UpdateTiming Before Physical Synthesis | Checksum: 22a5f6958

Time (s): cpu = 00:00:16 ; elapsed = 00:00:12 . Memory (MB): peak = 1851.617 ; gain = 0.000

Phase 2.5.2 Physical Synthesis In Placer
INFO: [Physopt 32-1035] Found 0 LUTNM shape to break, 210 LUT instances to create LUTNM shape
INFO: [Physopt 32-1044] Break lutnm for timing: one critical 0, two critical 0, total 0, new lutff created 0
INFO: [Physopt 32-1138] End 1 Pass. Optimized 80 nets or LUTs. Breaked 0 LUT, combined 80 existing LUTs and moved 0 existing LUT
INFO: [Physopt 32-65] No nets found for high-fanout optimization.
INFO: [Physopt 32-232] Optimized 0 net. Created 0 new instance.
INFO: [Physopt 32-775] End 1 Pass. Optimized 0 net or cell. Created 0 new cell, deleted 0 existing cell and moved 0 existing cell
INFO: [Physopt 32-670] No setup violation found.  DSP Register Optimization was not performed.
INFO: [Physopt 32-670] No setup violation found.  Shift Register to Pipeline Optimization was not performed.
INFO: [Physopt 32-670] No setup violation found.  Shift Register Optimization was not performed.
INFO: [Physopt 32-670] No setup violation found.  BRAM Register Optimization was not performed.
INFO: [Physopt 32-670] No setup violation found.  URAM Register Optimization was not performed.
INFO: [Physopt 32-949] No candidate nets found for dynamic/static region interface net replication
INFO: [Physopt 32-775] End 1 Pass. Optimized 0 net or cell. Created 0 new cell, deleted 0 existing cell and moved 0 existing cell
Netlist sorting complete. Time (s): cpu = 00:00:00 ; elapsed = 00:00:00.014 . Memory (MB): peak = 1851.617 ; gain = 0.000

Summary of Physical Synthesis Optimizations
============================================


-----------------------------------------------------------------------------------------------------------------------------------------------------------
|  Optimization                                     |  Added Cells  |  Removed Cells  |  Optimized Cells/Nets  |  Dont Touch  |  Iterations  |  Elapsed   |
-----------------------------------------------------------------------------------------------------------------------------------------------------------
|  LUT Combining                                    |            0  |             80  |                    80  |           0  |           1  |  00:00:00  |
|  Retime                                           |            0  |              0  |                     0  |           0  |           1  |  00:00:00  |
|  Very High Fanout                                 |            0  |              0  |                     0  |           0  |           1  |  00:00:00  |
|  DSP Register                                     |            0  |              0  |                     0  |           0  |           0  |  00:00:00  |
|  Shift Register to Pipeline                       |            0  |              0  |                     0  |           0  |           0  |  00:00:00  |
|  Shift Register                                   |            0  |              0  |                     0  |           0  |           0  |  00:00:00  |
|  BRAM Register                                    |            0  |              0  |                     0  |           0  |           0  |  00:00:00  |
|  URAM Register                                    |            0  |              0  |                     0  |           0  |           0  |  00:00:00  |
|  Dynamic/Static Region Interface Net Replication  |            0  |              0  |                     0  |           0  |           1  |  00:00:00  |
|  Total                                            |            0  |             80  |                    80  |           0  |           4  |  00:00:00  |
-----------------------------------------------------------------------------------------------------------------------------------------------------------


Phase 2.5.2 Physical Synthesis In Placer | Checksum: 234c44c78

Time (s): cpu = 00:00:17 ; elapsed = 00:00:13 . Memory (MB): peak = 1851.617 ; gain = 0.000
Phase 2.5 Global Place Phase2 | Checksum: 25f5ea160

Time (s): cpu = 00:00:19 ; elapsed = 00:00:14 . Memory (MB): peak = 1851.617 ; gain = 0.000
Phase 2 Global Placement | Checksum: 25f5ea160

Time (s): cpu = 00:00:19 ; elapsed = 00:00:14 . Memory (MB): peak = 1851.617 ; gain = 0.000

Phase 3 Detail Placement

Phase 3.1 Commit Multi Column Macros
Phase 3.1 Commit Multi Column Macros | Checksum: 1b2ba6306

Time (s): cpu = 00:00:19 ; elapsed = 00:00:15 . Memory (MB): peak = 1851.617 ; gain = 0.000

Phase 3.2 Commit Most Macros & LUTRAMs
Phase 3.2 Commit Most Macros & LUTRAMs | Checksum: 1cc9f2923

Time (s): cpu = 00:00:27 ; elapsed = 00:00:22 . Memory (MB): peak = 1851.617 ; gain = 0.000

Phase 3.3 Area Swap Optimization
Phase 3.3 Area Swap Optimization | Checksum: 1f88a2977

Time (s): cpu = 00:00:27 ; elapsed = 00:00:23 . Memory (MB): peak = 1851.617 ; gain = 0.000

Phase 3.4 Pipeline Register Optimization
Phase 3.4 Pipeline Register Optimization | Checksum: 1d714fdf6

Time (s): cpu = 00:00:28 ; elapsed = 00:00:23 . Memory (MB): peak = 1851.617 ; gain = 0.000

Phase 3.5 Small Shape Detail Placement
Phase 3.5 Small Shape Detail Placement | Checksum: 29c2058b7

Time (s): cpu = 00:00:29 ; elapsed = 00:00:24 . Memory (MB): peak = 1851.617 ; gain = 0.000

Phase 3.6 Re-assign LUT pins
Phase 3.6 Re-assign LUT pins | Checksum: 1e5275aee

Time (s): cpu = 00:00:29 ; elapsed = 00:00:24 . Memory (MB): peak = 1851.617 ; gain = 0.000

Phase 3.7 Pipeline Register Optimization
Phase 3.7 Pipeline Register Optimization | Checksum: 233c2276f

Time (s): cpu = 00:00:29 ; elapsed = 00:00:24 . Memory (MB): peak = 1851.617 ; gain = 0.000
Phase 3 Detail Placement | Checksum: 233c2276f

Time (s): cpu = 00:00:29 ; elapsed = 00:00:24 . Memory (MB): peak = 1851.617 ; gain = 0.000

Phase 4 Post Placement Optimization and Clean-Up

Phase 4.1 Post Commit Optimization
INFO: [Timing 38-35] Done setting XDC timing constraints.

Phase 4.1.1 Post Placement Optimization
Post Placement Optimization Initialization | Checksum: 16a47fa86

Phase 4.1.1.1 BUFG Insertion

Starting Physical Synthesis Task

Phase 1 Physical Synthesis Initialization
INFO: [Physopt 32-721] Multithreading enabled for phys_opt_design using a maximum of 2 CPUs
INFO: [Physopt 32-619] Estimated Timing Summary | WNS=1.955 | TNS=0.000 |
Phase 1 Physical Synthesis Initialization | Checksum: e5b167d9

Time (s): cpu = 00:00:01 ; elapsed = 00:00:00.416 . Memory (MB): peak = 1885.781 ; gain = 0.000
INFO: [Place 46-56] BUFG insertion identified 0 candidate nets. Inserted BUFG: 0, Replicated BUFG Driver: 0, Skipped due to Placement/Routing Conflicts: 0, Skipped due to Timing Degradation: 0, Skipped due to netlist editing failed: 0.
Ending Physical Synthesis Task | Checksum: 10d3b6308

Time (s): cpu = 00:00:01 ; elapsed = 00:00:00.582 . Memory (MB): peak = 1885.781 ; gain = 0.000
Phase 4.1.1.1 BUFG Insertion | Checksum: 16a47fa86

Time (s): cpu = 00:00:37 ; elapsed = 00:00:29 . Memory (MB): peak = 1885.781 ; gain = 34.164

Phase 4.1.1.2 Post Placement Timing Optimization
INFO: [Place 30-746] Post Placement Timing Summary WNS=1.955. For the most accurate timing information please run report_timing.
Phase 4.1.1.2 Post Placement Timing Optimization | Checksum: 1348bdb4c

Time (s): cpu = 00:00:37 ; elapsed = 00:00:30 . Memory (MB): peak = 1885.781 ; gain = 34.164

Time (s): cpu = 00:00:37 ; elapsed = 00:00:30 . Memory (MB): peak = 1885.781 ; gain = 34.164
Phase 4.1 Post Commit Optimization | Checksum: 1348bdb4c

Time (s): cpu = 00:00:37 ; elapsed = 00:00:30 . Memory (MB): peak = 1885.781 ; gain = 34.164

Phase 4.2 Post Placement Cleanup
Phase 4.2 Post Placement Cleanup | Checksum: 1348bdb4c

Time (s): cpu = 00:00:38 ; elapsed = 00:00:30 . Memory (MB): peak = 1885.781 ; gain = 34.164

Phase 4.3 Placer Reporting

Phase 4.3.1 Print Estimated Congestion
INFO: [Place 30-612] Post-Placement Estimated Congestion 
 ____________________________________________________
|           | Global Congestion | Short Congestion  |
| Direction | Region Size       | Region Size       |
|___________|___________________|___________________|
|      North|                1x1|                1x1|
|___________|___________________|___________________|
|      South|                1x1|                1x1|
|___________|___________________|___________________|
|       East|                1x1|                1x1|
|___________|___________________|___________________|
|       West|                1x1|                1x1|
|___________|___________________|___________________|

Phase 4.3.1 Print Estimated Congestion | Checksum: 1348bdb4c

Time (s): cpu = 00:00:38 ; elapsed = 00:00:30 . Memory (MB): peak = 1885.781 ; gain = 34.164
Phase 4.3 Placer Reporting | Checksum: 1348bdb4c

Time (s): cpu = 00:00:38 ; elapsed = 00:00:30 . Memory (MB): peak = 1885.781 ; gain = 34.164

Phase 4.4 Final Placement Cleanup
Netlist sorting complete. Time (s): cpu = 00:00:00 ; elapsed = 00:00:00.014 . Memory (MB): peak = 1885.781 ; gain = 0.000

Time (s): cpu = 00:00:38 ; elapsed = 00:00:30 . Memory (MB): peak = 1885.781 ; gain = 34.164
Phase 4 Post Placement Optimization and Clean-Up | Checksum: 1590c004d

Time (s): cpu = 00:00:38 ; elapsed = 00:00:30 . Memory (MB): peak = 1885.781 ; gain = 34.164
Ending Placer Task | Checksum: eecdab4d

Time (s): cpu = 00:00:38 ; elapsed = 00:00:30 . Memory (MB): peak = 1885.781 ; gain = 34.164
64 Infos, 0 Warnings, 0 Critical Warnings and 0 Errors encountered.
place_design completed successfully
place_design: Time (s): cpu = 00:00:43 ; elapsed = 00:00:33 . Memory (MB): peak = 1885.781 ; gain = 34.164
INFO: [Vivado 12-24838] Running report commands "report_control_sets, report_io, report_utilization" in parallel.
Running report generation with 2 threads.
INFO: [Vivado 12-24828] Executing command : report_io -file lab10_io_placed.rpt
report_io: Time (s): cpu = 00:00:01 ; elapsed = 00:00:00.081 . Memory (MB): peak = 1885.781 ; gain = 0.000
INFO: [Vivado 12-24828] Executing command : report_control_sets -verbose -file lab10_control_sets_placed.rpt
report_control_sets: Time (s): cpu = 00:00:00 ; elapsed = 00:00:00.061 . Memory (MB): peak = 1885.781 ; gain = 0.000
INFO: [Vivado 12-24828] Executing command : report_utilization -file lab10_utilization_placed.rpt -pb lab10_utilization_placed.pb
INFO: [Timing 38-480] Writing timing data to binary archive.
Write ShapeDB Complete: Time (s): cpu = 00:00:00 ; elapsed = 00:00:00.085 . Memory (MB): peak = 1885.945 ; gain = 0.039
Wrote PlaceDB: Time (s): cpu = 00:00:02 ; elapsed = 00:00:01 . Memory (MB): peak = 1885.945 ; gain = 0.000
Wrote PulsedLatchDB: Time (s): cpu = 00:00:00 ; elapsed = 00:00:00 . Memory (MB): peak = 1885.945 ; gain = 0.000
Writing XDEF routing.
Writing XDEF routing logical nets.
Writing XDEF routing special nets.
Wrote RouteStorage: Time (s): cpu = 00:00:00 ; elapsed = 00:00:00.030 . Memory (MB): peak = 1885.945 ; gain = 0.000
Wrote Netlist Cache: Time (s): cpu = 00:00:00 ; elapsed = 00:00:00.020 . Memory (MB): peak = 1885.945 ; gain = 0.000
Wrote Device Cache: Time (s): cpu = 00:00:00 ; elapsed = 00:00:00.012 . Memory (MB): peak = 1885.945 ; gain = 0.000
Write Physdb Complete: Time (s): cpu = 00:00:02 ; elapsed = 00:00:01 . Memory (MB): peak = 1885.945 ; gain = 0.000
INFO: [Common 17-1381] The checkpoint 'C:/Users/Judy/Desktop/NYCU 114/Dlab/final_project/Lab10/lab10/lab10.runs/impl_1/lab10_placed.dcp' has been generated.
Command: route_design
Attempting to get a license for feature 'Implementation' and/or device 'xc7a35ti'
INFO: [Common 17-349] Got license for feature 'Implementation' and/or device 'xc7a35ti'


Starting Routing Task
INFO: [Route 35-254] Multithreading enabled for route_design using a maximum of 2 CPUs

Phase 1 Build RT Design
Checksum: PlaceDB: 27031312 ConstDB: 0 ShapeSum: 27493be4 RouteDB: a0815c57
Post Restoration Checksum: NetGraph: b9a3a255 | NumContArr: 8f89f572 | Constraints: c2a8fa9d | Timing: c2a8fa9d
Phase 1 Build RT Design | Checksum: 2ce7f8d01

Time (s): cpu = 00:00:41 ; elapsed = 00:00:36 . Memory (MB): peak = 1989.098 ; gain = 103.117

Phase 2 Router Initialization

Phase 2.1 Fix Topology Constraints
Phase 2.1 Fix Topology Constraints | Checksum: 2ce7f8d01

Time (s): cpu = 00:00:41 ; elapsed = 00:00:36 . Memory (MB): peak = 1989.098 ; gain = 103.117

Phase 2.2 Pre Route Cleanup
Phase 2.2 Pre Route Cleanup | Checksum: 2ce7f8d01

Time (s): cpu = 00:00:41 ; elapsed = 00:00:36 . Memory (MB): peak = 1989.098 ; gain = 103.117
 Number of Nodes with overlaps = 0

Phase 2.3 Update Timing
Phase 2.3 Update Timing | Checksum: 21f34a41c

Time (s): cpu = 00:00:50 ; elapsed = 00:00:41 . Memory (MB): peak = 2044.625 ; gain = 158.645
INFO: [Route 35-416] Intermediate Timing Summary | WNS=1.955  | TNS=0.000  | WHS=-0.130 | THS=-5.583 |


Phase 2.4 Soft Constraint Pins - Fast Budgeting
Phase 2.4 Soft Constraint Pins - Fast Budgeting | Checksum: 1ea2b485f

Time (s): cpu = 00:00:53 ; elapsed = 00:00:43 . Memory (MB): peak = 2080.848 ; gain = 194.867

Router Utilization Summary
  Global Vertical Routing Utilization    = 0 %
  Global Horizontal Routing Utilization  = 0 %
  Routable Net Status*
  *Does not include unroutable nets such as driverless and loadless.
  Run report_route_status for detailed report.
  Number of Failed Nets               = 2951
    (Failed Nets is the sum of unrouted and partially routed nets)
  Number of Unrouted Nets             = 2951
  Number of Partially Routed Nets     = 0
  Number of Node Overlaps             = 0

Phase 2 Router Initialization | Checksum: 1ea2b485f

Time (s): cpu = 00:00:53 ; elapsed = 00:00:43 . Memory (MB): peak = 2080.848 ; gain = 194.867

Phase 3 Global Routing
Phase 3 Global Routing | Checksum: 1ea2b485f

Time (s): cpu = 00:00:53 ; elapsed = 00:00:43 . Memory (MB): peak = 2080.848 ; gain = 194.867

Phase 4 Initial Routing

Phase 4.1 Initial Net Routing Pass
Phase 4.1 Initial Net Routing Pass | Checksum: 1cb6564e6

Time (s): cpu = 00:01:01 ; elapsed = 00:00:48 . Memory (MB): peak = 2087.836 ; gain = 201.855
Phase 4 Initial Routing | Checksum: 1cb6564e6

Time (s): cpu = 00:01:01 ; elapsed = 00:00:48 . Memory (MB): peak = 2087.836 ; gain = 201.855

Phase 5 Rip-up And Reroute

Phase 5.1 Global Iteration 0
 Number of Nodes with overlaps = 486
 Number of Nodes with overlaps = 57
 Number of Nodes with overlaps = 15
 Number of Nodes with overlaps = 2
 Number of Nodes with overlaps = 1
 Number of Nodes with overlaps = 0
INFO: [Route 35-416] Intermediate Timing Summary | WNS=2.054  | TNS=0.000  | WHS=N/A    | THS=N/A    |

Phase 5.1 Global Iteration 0 | Checksum: 20ef2b81d

Time (s): cpu = 00:01:12 ; elapsed = 00:00:55 . Memory (MB): peak = 2087.836 ; gain = 201.855
Phase 5 Rip-up And Reroute | Checksum: 20ef2b81d

Time (s): cpu = 00:01:12 ; elapsed = 00:00:55 . Memory (MB): peak = 2087.836 ; gain = 201.855

Phase 6 Delay and Skew Optimization

Phase 6.1 Delay CleanUp

Phase 6.1.1 Update Timing
Phase 6.1.1 Update Timing | Checksum: 27396d904

Time (s): cpu = 00:01:13 ; elapsed = 00:00:56 . Memory (MB): peak = 2087.836 ; gain = 201.855
INFO: [Route 35-416] Intermediate Timing Summary | WNS=2.054  | TNS=0.000  | WHS=N/A    | THS=N/A    |

Phase 6.1 Delay CleanUp | Checksum: 27396d904

Time (s): cpu = 00:01:13 ; elapsed = 00:00:56 . Memory (MB): peak = 2087.836 ; gain = 201.855

Phase 6.2 Clock Skew Optimization
Phase 6.2 Clock Skew Optimization | Checksum: 27396d904

Time (s): cpu = 00:01:13 ; elapsed = 00:00:56 . Memory (MB): peak = 2087.836 ; gain = 201.855
Phase 6 Delay and Skew Optimization | Checksum: 27396d904

Time (s): cpu = 00:01:13 ; elapsed = 00:00:56 . Memory (MB): peak = 2087.836 ; gain = 201.855

Phase 7 Post Hold Fix

Phase 7.1 Hold Fix Iter
INFO: [Route 35-416] Intermediate Timing Summary | WNS=2.054  | TNS=0.000  | WHS=0.103  | THS=0.000  |

Phase 7.1 Hold Fix Iter | Checksum: 1f1f7abc6

Time (s): cpu = 00:01:14 ; elapsed = 00:00:56 . Memory (MB): peak = 2087.836 ; gain = 201.855
Phase 7 Post Hold Fix | Checksum: 1f1f7abc6

Time (s): cpu = 00:01:14 ; elapsed = 00:00:56 . Memory (MB): peak = 2087.836 ; gain = 201.855

Phase 8 Route finalize

Router Utilization Summary
  Global Vertical Routing Utilization    = 3.47859 %
  Global Horizontal Routing Utilization  = 2.98243 %
  Routable Net Status*
  *Does not include unroutable nets such as driverless and loadless.
  Run report_route_status for detailed report.
  Number of Failed Nets               = 0
    (Failed Nets is the sum of unrouted and partially routed nets)
  Number of Unrouted Nets             = 0
  Number of Partially Routed Nets     = 0
  Number of Node Overlaps             = 0

Phase 8 Route finalize | Checksum: 1f1f7abc6

Time (s): cpu = 00:01:15 ; elapsed = 00:00:56 . Memory (MB): peak = 2087.836 ; gain = 201.855

Phase 9 Verifying routed nets

 Verification completed successfully
Phase 9 Verifying routed nets | Checksum: 1f1f7abc6

Time (s): cpu = 00:01:15 ; elapsed = 00:00:56 . Memory (MB): peak = 2087.836 ; gain = 201.855

Phase 10 Depositing Routes
Phase 10 Depositing Routes | Checksum: 1a77c7d4f

Time (s): cpu = 00:01:16 ; elapsed = 00:00:57 . Memory (MB): peak = 2087.836 ; gain = 201.855

Phase 11 Post Process Routing
Phase 11 Post Process Routing | Checksum: 1a77c7d4f

Time (s): cpu = 00:01:16 ; elapsed = 00:00:57 . Memory (MB): peak = 2087.836 ; gain = 201.855

Phase 12 Post Router Timing
INFO: [Route 35-57] Estimated Timing Summary | WNS=2.054  | TNS=0.000  | WHS=0.103  | THS=0.000  |

INFO: [Route 35-327] The final timing numbers are based on the router estimated timing analysis. For a complete and accurate timing signoff, please run report_timing_summary.
Phase 12 Post Router Timing | Checksum: 1a77c7d4f

Time (s): cpu = 00:01:16 ; elapsed = 00:00:57 . Memory (MB): peak = 2087.836 ; gain = 201.855
Total Elapsed time in route_design: 57.185 secs

Phase 13 Post-Route Event Processing
Phase 13 Post-Route Event Processing | Checksum: 177f06772

Time (s): cpu = 00:01:16 ; elapsed = 00:00:57 . Memory (MB): peak = 2087.836 ; gain = 201.855
INFO: [Route 35-16] Router Completed Successfully
Ending Routing Task | Checksum: 177f06772

Time (s): cpu = 00:01:16 ; elapsed = 00:00:58 . Memory (MB): peak = 2087.836 ; gain = 201.855

Routing Is Done.
INFO: [Common 17-83] Releasing license: Implementation
80 Infos, 0 Warnings, 0 Critical Warnings and 0 Errors encountered.
route_design completed successfully
route_design: Time (s): cpu = 00:01:17 ; elapsed = 00:00:58 . Memory (MB): peak = 2087.836 ; gain = 201.891
INFO: [Vivado 12-24828] Executing command : report_drc -file lab10_drc_routed.rpt -pb lab10_drc_routed.pb -rpx lab10_drc_routed.rpx
Command: report_drc -file lab10_drc_routed.rpt -pb lab10_drc_routed.pb -rpx lab10_drc_routed.rpx
INFO: [IP_Flow 19-1839] IP Catalog is up to date.
INFO: [DRC 23-27] Running DRC with 2 threads
INFO: [Vivado_Tcl 2-168] The results of DRC are in file C:/Users/Judy/Desktop/NYCU 114/Dlab/final_project/Lab10/lab10/lab10.runs/impl_1/lab10_drc_routed.rpt.
report_drc completed successfully
report_drc: Time (s): cpu = 00:00:10 ; elapsed = 00:00:06 . Memory (MB): peak = 2087.836 ; gain = 0.000
INFO: [Vivado 12-24828] Executing command : report_methodology -file lab10_methodology_drc_routed.rpt -pb lab10_methodology_drc_routed.pb -rpx lab10_methodology_drc_routed.rpx
Command: report_methodology -file lab10_methodology_drc_routed.rpt -pb lab10_methodology_drc_routed.pb -rpx lab10_methodology_drc_routed.rpx
INFO: [Timing 38-35] Done setting XDC timing constraints.
INFO: [DRC 23-133] Running Methodology with 2 threads
INFO: [Vivado_Tcl 2-1520] The results of Report Methodology are in file C:/Users/Judy/Desktop/NYCU 114/Dlab/final_project/Lab10/lab10/lab10.runs/impl_1/lab10_methodology_drc_routed.rpt.
report_methodology completed successfully
report_drc: Time (s): cpu = 00:00:17 ; elapsed = 00:00:10 . Memory (MB): peak = 2102.109 ; gain = 14.273
INFO: [Vivado 12-24828] Executing command : report_timing_summary -max_paths 10 -file lab10_timing_summary_routed.rpt -pb lab10_timing_summary_routed.pb -rpx lab10_timing_summary_routed.rpx -warn_on_violation 
INFO: [Timing 38-35] Done setting XDC timing constraints.
INFO: [Timing 38-91] UpdateTimingParams: Speed grade: -1L, Delay Type: min_max.
INFO: [Timing 38-191] Multithreading enabled for timing update using a maximum of 2 CPUs
INFO: [Vivado 12-24838] Running report commands "report_incremental_reuse, report_route_status" in parallel.
Running report generation with 2 threads.
INFO: [Vivado 12-24828] Executing command : report_incremental_reuse -file lab10_incremental_reuse_routed.rpt
INFO: [Vivado_Tcl 4-1062] Incremental flow is disabled. No incremental reuse Info to report.
INFO: [Vivado 12-24828] Executing command : report_route_status -file lab10_route_status.rpt -pb lab10_route_status.pb
INFO: [Vivado 12-24828] Executing command : report_power -file lab10_power_routed.rpt -pb lab10_power_summary_routed.pb -rpx lab10_power_routed.rpx
Command: report_power -file lab10_power_routed.rpt -pb lab10_power_summary_routed.pb -rpx lab10_power_routed.rpx
Running Vector-less Activity Propagation...

Finished Running Vector-less Activity Propagation
97 Infos, 0 Warnings, 0 Critical Warnings and 0 Errors encountered.
report_power completed successfully
INFO: [Vivado 12-24828] Executing command : report_clock_utilization -file lab10_clock_utilization_routed.rpt
INFO: [Vivado 12-24828] Executing command : report_bus_skew -warn_on_violation -file lab10_bus_skew_routed.rpt -pb lab10_bus_skew_routed.pb -rpx lab10_bus_skew_routed.rpx
INFO: [Timing 38-91] UpdateTimingParams: Speed grade: -1L, Delay Type: min_max.
INFO: [Timing 38-191] Multithreading enabled for timing update using a maximum of 2 CPUs
generate_parallel_reports: Time (s): cpu = 00:00:34 ; elapsed = 00:00:21 . Memory (MB): peak = 2120.434 ; gain = 32.598
INFO: [Timing 38-480] Writing timing data to binary archive.
Write ShapeDB Complete: Time (s): cpu = 00:00:01 ; elapsed = 00:00:00.090 . Memory (MB): peak = 2120.434 ; gain = 0.000
Wrote PlaceDB: Time (s): cpu = 00:00:02 ; elapsed = 00:00:01 . Memory (MB): peak = 2120.434 ; gain = 0.000
Wrote PulsedLatchDB: Time (s): cpu = 00:00:00 ; elapsed = 00:00:00 . Memory (MB): peak = 2120.434 ; gain = 0.000
Writing XDEF routing.
Writing XDEF routing logical nets.
Writing XDEF routing special nets.
Wrote RouteStorage: Time (s): cpu = 00:00:00 ; elapsed = 00:00:00.172 . Memory (MB): peak = 2120.434 ; gain = 0.000
Wrote Netlist Cache: Time (s): cpu = 00:00:01 ; elapsed = 00:00:00.023 . Memory (MB): peak = 2120.434 ; gain = 0.000
Wrote Device Cache: Time (s): cpu = 00:00:00 ; elapsed = 00:00:00.013 . Memory (MB): peak = 2120.434 ; gain = 0.000
Write Physdb Complete: Time (s): cpu = 00:00:03 ; elapsed = 00:00:01 . Memory (MB): peak = 2120.434 ; gain = 0.000
INFO: [Common 17-1381] The checkpoint 'C:/Users/Judy/Desktop/NYCU 114/Dlab/final_project/Lab10/lab10/lab10.runs/impl_1/lab10_routed.dcp' has been generated.
Command: write_bitstream -force lab10.bit
Attempting to get a license for feature 'Implementation' and/or device 'xc7a35ti'
INFO: [Common 17-349] Got license for feature 'Implementation' and/or device 'xc7a35ti'
Running DRC as a precondition to command write_bitstream
INFO: [IP_Flow 19-1839] IP Catalog is up to date.
INFO: [DRC 23-27] Running DRC with 2 threads
INFO: [Vivado 12-3199] DRC finished with 0 Errors
INFO: [Vivado 12-3200] Please refer to the DRC report (report_drc) for more information.
INFO: [Designutils 20-2272] Running write_bitstream with 2 threads.
Loading data files...
Loading site data...
Loading route data...
Processing options...
Creating bitmap...
Creating bitstream...
Writing bitstream ./lab10.bit...
INFO: [Vivado 12-1842] Bitgen Completed Successfully.
INFO: [Project 1-1876] WebTalk data collection is mandatory when using a ULT device. To see the specific WebTalk data collected for your design, open the usage_statistics_webtalk.html or usage_statistics_webtalk.xml file in the implementation directory.
INFO: [Common 17-83] Releasing license: Implementation
112 Infos, 0 Warnings, 0 Critical Warnings and 0 Errors encountered.
write_bitstream completed successfully
write_bitstream: Time (s): cpu = 00:00:39 ; elapsed = 00:00:27 . Memory (MB): peak = 2632.281 ; gain = 511.848
INFO: [Common 17-206] Exiting Vivado at Wed Dec  3 19:04:38 2025...
